TN:
SF:src\clean-architecture\shared\di\Container.ts
FN:17,(anonymous_0)
FN:27,(anonymous_1)
FN:37,(anonymous_2)
FN:61,(anonymous_3)
FN:66,(anonymous_4)
FN:67,(anonymous_5)
FN:75,(anonymous_6)
FN:80,(anonymous_7)
FN:89,Inject
FN:90,(anonymous_9)
FN:92,(anonymous_10)
FNF:11
FNH:8
FNDA:13,(anonymous_0)
FNDA:3,(anonymous_1)
FNDA:14,(anonymous_2)
FNDA:10,(anonymous_3)
FNDA:1,(anonymous_4)
FNDA:2,(anonymous_5)
FNDA:2,(anonymous_6)
FNDA:1,(anonymous_7)
FNDA:0,Inject
FNDA:0,(anonymous_9)
FNDA:0,(anonymous_10)
DA:13,2
DA:14,23
DA:18,13
DA:23,13
DA:28,3
DA:33,3
DA:38,14
DA:40,14
DA:41,1
DA:45,13
DA:46,2
DA:50,11
DA:53,10
DA:54,7
DA:57,10
DA:62,10
DA:67,1
DA:68,2
DA:69,1
DA:76,2
DA:81,1
DA:86,2
DA:89,2
DA:90,0
DA:91,0
DA:93,0
LF:26
LH:23
BRDA:40,0,0,1
BRDA:45,1,0,2
BRDA:45,2,0,13
BRDA:45,2,1,10
BRDA:53,3,0,7
BRDA:68,4,0,1
BRF:6
BRH:6
end_of_record
TN:
SF:src\clean-architecture\shared\di\ServiceRegistry.ts
FN:17,(anonymous_0)
FN:22,(anonymous_1)
FN:33,(anonymous_2)
FN:44,(anonymous_3)
FN:45,(anonymous_4)
FN:55,(anonymous_5)
FN:59,(anonymous_6)
FN:66,(anonymous_7)
FN:82,(anonymous_8)
FN:84,(anonymous_9)
FN:93,(anonymous_10)
FN:98,(anonymous_11)
FNF:12
FNH:12
FNDA:8,(anonymous_0)
FNDA:8,(anonymous_1)
FNDA:3,(anonymous_2)
FNDA:1,(anonymous_3)
FNDA:1,(anonymous_4)
FNDA:2,(anonymous_5)
FNDA:3,(anonymous_6)
FNDA:5,(anonymous_7)
FNDA:6,(anonymous_8)
FNDA:3,(anonymous_9)
FNDA:1,(anonymous_10)
FNDA:5,(anonymous_11)
DA:4,1
DA:13,1
DA:15,8
DA:18,8
DA:23,8
DA:29,8
DA:34,3
DA:40,3
DA:45,1
DA:46,1
DA:47,1
DA:49,0
DA:56,2
DA:57,2
DA:59,2
DA:60,3
DA:61,2
DA:71,5
DA:72,1
DA:75,4
DA:76,0
DA:79,4
DA:80,4
DA:82,6
DA:83,4
DA:84,3
DA:85,3
DA:89,2
DA:94,1
DA:99,5
DA:104,1
LF:31
LH:29
BRDA:46,0,0,1
BRDA:46,0,1,0
BRDA:60,1,0,2
BRDA:71,2,0,1
BRDA:75,3,0,0
BRDA:83,4,0,3
BRF:6
BRH:4
end_of_record
TN:
SF:src\clean-architecture\shared\utils\Money.ts
FN:9,(anonymous_0)
FN:15,(anonymous_1)
FN:25,(anonymous_2)
FN:35,(anonymous_3)
FN:40,(anonymous_4)
FN:45,(anonymous_5)
FN:54,(anonymous_6)
FN:62,(anonymous_7)
FN:67,(anonymous_8)
FN:72,(anonymous_9)
FN:77,(anonymous_10)
FN:84,(anonymous_11)
FN:92,(anonymous_12)
FN:96,(anonymous_13)
FN:105,(anonymous_14)
FN:110,(anonymous_15)
FNF:16
FNH:16
FNDA:39,(anonymous_0)
FNDA:39,(anonymous_1)
FNDA:37,(anonymous_2)
FNDA:8,(anonymous_3)
FNDA:2,(anonymous_4)
FNDA:3,(anonymous_5)
FNDA:2,(anonymous_6)
FNDA:1,(anonymous_7)
FNDA:1,(anonymous_8)
FNDA:2,(anonymous_9)
FNDA:7,(anonymous_10)
FNDA:2,(anonymous_11)
FNDA:1,(anonymous_12)
FNDA:2,(anonymous_13)
FNDA:4,(anonymous_14)
FNDA:1,(anonymous_15)
DA:4,1
DA:6,1
DA:10,39
DA:11,37
DA:12,37
DA:16,39
DA:17,1
DA:20,38
DA:21,1
DA:26,37
DA:27,1
DA:30,36
DA:31,2
DA:36,8
DA:41,2
DA:42,1
DA:46,3
DA:47,2
DA:48,2
DA:49,1
DA:51,1
DA:55,2
DA:56,1
DA:58,1
DA:63,1
DA:64,1
DA:68,1
DA:69,1
DA:73,2
DA:78,7
DA:79,2
DA:85,2
DA:93,1
DA:97,2
DA:98,2
DA:99,1
DA:101,1
DA:106,4
DA:111,1
LF:39
LH:39
BRDA:9,0,0,4
BRDA:16,1,0,1
BRDA:16,2,0,39
BRDA:16,2,1,39
BRDA:20,3,0,1
BRDA:26,4,0,1
BRDA:26,5,0,37
BRDA:26,5,1,36
BRDA:30,6,0,2
BRDA:48,7,0,1
BRDA:55,8,0,1
BRDA:78,9,0,2
BRDA:92,10,0,0
BRDA:96,11,0,0
BRDA:98,12,0,1
BRDA:106,13,0,4
BRDA:106,13,1,3
BRF:17
BRH:15
end_of_record
TN:
SF:src\clean-architecture\shared\utils\Result.ts
FN:10,(anonymous_0)
FN:14,(anonymous_1)
FN:18,(anonymous_2)
FN:22,(anonymous_3)
FN:26,(anonymous_4)
FN:30,(anonymous_5)
FN:34,(anonymous_6)
FN:38,(anonymous_7)
FN:47,(anonymous_8)
FN:51,(anonymous_9)
FN:55,(anonymous_10)
FN:59,(anonymous_11)
FN:63,(anonymous_12)
FN:67,(anonymous_13)
FN:71,(anonymous_14)
FN:75,(anonymous_15)
FN:81,(anonymous_16)
FN:82,(anonymous_17)
FN:85,(anonymous_18)
FN:89,(anonymous_19)
FNF:20
FNH:20
FNDA:20,(anonymous_0)
FNDA:8,(anonymous_1)
FNDA:2,(anonymous_2)
FNDA:3,(anonymous_3)
FNDA:4,(anonymous_4)
FNDA:1,(anonymous_5)
FNDA:1,(anonymous_6)
FNDA:2,(anonymous_7)
FNDA:17,(anonymous_8)
FNDA:2,(anonymous_9)
FNDA:8,(anonymous_10)
FNDA:2,(anonymous_11)
FNDA:1,(anonymous_12)
FNDA:2,(anonymous_13)
FNDA:1,(anonymous_14)
FNDA:2,(anonymous_15)
FNDA:10,(anonymous_16)
FNDA:8,(anonymous_17)
FNDA:3,(anonymous_18)
FNDA:4,(anonymous_19)
DA:6,1
DA:7,20
DA:11,20
DA:15,8
DA:19,2
DA:23,3
DA:27,4
DA:31,1
DA:35,1
DA:39,2
DA:43,1
DA:44,17
DA:48,17
DA:52,2
DA:56,8
DA:60,2
DA:64,1
DA:68,2
DA:72,1
DA:76,2
DA:81,10
DA:82,8
DA:85,1
DA:86,3
DA:89,1
DA:90,4
LF:26
LH:26
BRF:0
BRH:0
end_of_record
TN:
SF:src\clean-architecture\shared\utils\ValueObject.ts
FN:7,(anonymous_0)
FN:16,(anonymous_1)
FN:21,(anonymous_2)
FN:34,(anonymous_3)
FN:35,(anonymous_4)
FN:42,(anonymous_5)
FN:47,(anonymous_6)
FN:52,(anonymous_7)
FNF:8
FNH:8
FNDA:57,(anonymous_0)
FNDA:10,(anonymous_1)
FNDA:10,(anonymous_2)
FNDA:4,(anonymous_3)
FNDA:26,(anonymous_4)
FNDA:1,(anonymous_5)
FNDA:2,(anonymous_6)
FNDA:1,(anonymous_7)
DA:4,2
DA:8,57
DA:9,57
DA:17,10
DA:22,10
DA:23,2
DA:26,8
DA:27,1
DA:30,7
DA:35,4
DA:36,26
DA:37,26
DA:43,1
DA:48,2
DA:53,1
LF:15
LH:15
BRDA:22,0,0,2
BRDA:22,1,0,10
BRDA:22,1,1,9
BRDA:26,2,0,1
BRF:4
BRH:4
end_of_record
